<?xml version="1.0" encoding="UTF-8"?>
<!-- Generated by org.testng.reporters.JUnitXMLReporter -->
<testsuite ignored="0" name="Default test" tests="3" failures="0" timestamp="07 Nov 2019 23:39:12 GMT" time="133.546" errors="0">
  <testcase name="invoice_create" time="56.915" classname="com.invoice.invoice_create"/>
  <testcase name="Invoice_update" time="33.333" classname="com.invoice.invoice_create"/>
  <testcase name="Invoice_send" time="34.269" classname="com.invoice.invoice_create"/>
</testsuite> <!-- Default test -->
