<?xml version="1.0" encoding="UTF-8"?>
<!-- Generated by org.testng.reporters.JUnitXMLReporter -->
<testsuite ignored="0" name="Default test" tests="4" failures="0" timestamp="02 Nov 2019 12:17:09 GMT" time="117.842" errors="0">
  <testcase name="Estimatecreate" time="40.703" classname="com.estimate.Estimate_create"/>
  <testcase name="Estimateupdate" time="16.811" classname="com.estimate.Estimate_create"/>
  <testcase name="Estimateprint_PDF" time="14.028" classname="com.estimate.Estimate_create"/>
  <testcase name="Estimate_send_email" time="36.757" classname="com.estimate.Estimate_create"/>
</testsuite> <!-- Default test -->
