<?xml version="1.0" encoding="UTF-8"?>
<testng-results skipped="0" failed="0" ignored="0" total="4" passed="4">
  <reporter-output>
    <line>
      <![CDATA[<br><img src='/home/grajan/Guna/Estimate/invoice_test-output/SuiteInvoice_created.png'height='768' width='1536'/><br>]]>
    </line>
    <line>
      <![CDATA[<br><img src='/home/grajan/Guna/Estimate/invoice_test-output/SuiteInvoice_Updated.png'height='768' width='1536'/><br>]]>
    </line>
    <line>
      <![CDATA[<br><img src='/home/grajan/Guna/Estimate/invoice_test-output/SuiteInvoiceprint_PDF.png'height='768' width='1536'/><br>]]>
    </line>
    <line>
      <![CDATA[<br><img src='/home/grajan/Guna/Estimate/invoice_test-output/SuiteInvoice_send.png'height='768' width='1536'/><br>]]>
    </line>
  </reporter-output>
  <suite name="Default suite" duration-ms="148000" started-at="2019-11-08T00:25:26Z" finished-at="2019-11-08T00:27:54Z">
    <groups>
    </groups>
    <test name="Default test" duration-ms="148000" started-at="2019-11-08T00:25:26Z" finished-at="2019-11-08T00:27:54Z">
      <class name="com.invoice.invoice_create">
        <test-method status="PASS" signature="UserLogin()[pri:0, instance:com.invoice.invoice_create@4f2b503c]" name="UserLogin" is-config="true" duration-ms="9277" started-at="2019-11-08T00:25:26Z" finished-at="2019-11-08T00:25:36Z">
          <reporter-output>
          </reporter-output>
        </test-method> <!-- UserLogin -->
        <test-method status="PASS" signature="invoice_create()[pri:0, instance:com.invoice.invoice_create@4f2b503c]" name="invoice_create" duration-ms="55735" started-at="2019-11-08T00:25:36Z" finished-at="2019-11-08T00:26:31Z">
          <reporter-output>
            <line>
              <![CDATA[<br><img src='/home/grajan/Guna/Estimate/invoice_test-output/SuiteInvoice_created.png'height='768' width='1536'/><br>]]>
            </line>
          </reporter-output>
        </test-method> <!-- invoice_create -->
        <test-method status="PASS" signature="Invoice_update()[pri:2, instance:com.invoice.invoice_create@4f2b503c]" name="Invoice_update" duration-ms="33013" started-at="2019-11-08T00:26:31Z" finished-at="2019-11-08T00:27:04Z">
          <reporter-output>
            <line>
              <![CDATA[<br><img src='/home/grajan/Guna/Estimate/invoice_test-output/SuiteInvoice_Updated.png'height='768' width='1536'/><br>]]>
            </line>
          </reporter-output>
        </test-method> <!-- Invoice_update -->
        <test-method status="PASS" signature="Invoiceprint_PDF()[pri:3, instance:com.invoice.invoice_create@4f2b503c]" name="Invoiceprint_PDF" duration-ms="15953" started-at="2019-11-08T00:27:04Z" finished-at="2019-11-08T00:27:20Z">
          <reporter-output>
            <line>
              <![CDATA[<br><img src='/home/grajan/Guna/Estimate/invoice_test-output/SuiteInvoiceprint_PDF.png'height='768' width='1536'/><br>]]>
            </line>
          </reporter-output>
        </test-method> <!-- Invoiceprint_PDF -->
        <test-method status="PASS" signature="Invoice_send()[pri:4, instance:com.invoice.invoice_create@4f2b503c]" name="Invoice_send" duration-ms="33994" started-at="2019-11-08T00:27:20Z" finished-at="2019-11-08T00:27:54Z">
          <reporter-output>
            <line>
              <![CDATA[<br><img src='/home/grajan/Guna/Estimate/invoice_test-output/SuiteInvoice_send.png'height='768' width='1536'/><br>]]>
            </line>
          </reporter-output>
        </test-method> <!-- Invoice_send -->
      </class> <!-- com.invoice.invoice_create -->
    </test> <!-- Default test -->
  </suite> <!-- Default suite -->
</testng-results>
