<?xml version="1.0" encoding="UTF-8"?>
<!-- Generated by org.testng.reporters.JUnitXMLReporter -->
<testsuite ignored="0" name="Default test" tests="4" failures="0" timestamp="08 Nov 2019 00:27:54 GMT" time="148.0" errors="0">
  <testcase name="invoice_create" time="55.735" classname="com.invoice.invoice_create"/>
  <testcase name="Invoice_update" time="33.013" classname="com.invoice.invoice_create"/>
  <testcase name="Invoiceprint_PDF" time="15.953" classname="com.invoice.invoice_create"/>
  <testcase name="Invoice_send" time="33.994" classname="com.invoice.invoice_create"/>
</testsuite> <!-- Default test -->
